<?xml version="1.0" encoding="UTF-8"?>
<!-- Generated by org.testng.reporters.JUnitReportReporter -->
<testsuite skipped="0" hostname="DESKTOP-3G4GQM6" name="StepDefination.signUp" tests="1" failures="0" timestamp="2023-02-26T00:53:08 EST" time="0.007" errors="0">
  <testcase name="user_need_to_select_gender" time="0.007" classname="StepDefination.signUp"/>
  <system-out/>
</testsuite> <!-- StepDefination.signUp -->
