<?xml version="1.0" encoding="UTF-8"?>
<!-- Generated by org.testng.reporters.JUnitReportReporter -->
<testsuite skipped="0" hostname="DESKTOP-3G4GQM6" name="Runner.runProject" tests="1" failures="0" timestamp="2023-02-25T17:37:21 EST" time="0.166" errors="0">
  <testcase name="runScenario" time="0.166" classname="Runner.runProject"/>
  <system-out/>
</testsuite> <!-- Runner.runProject -->
