<?xml version="1.0" encoding="UTF-8"?>
<!-- Generated by org.testng.reporters.JUnitReportReporter -->
<testsuite skipped="1" hostname="DESKTOP-3G4GQM6" name="Runner.runTest" tests="1" failures="0" timestamp="2023-02-26T23:23:23 EST" time="0.180" errors="0">
  <testcase name="runScenario" time="0.180" classname="Runner.runTest">
    <skipped/>
  </testcase> <!-- runScenario -->
  <system-out/>
</testsuite> <!-- Runner.runTest -->
